  [4;36;1mSQL (0.3ms)[0m   [0;1mSET NAMES 'utf8'[0m
  [4;35;1mSQL (0.2ms)[0m   [0mSET SQL_AUTO_IS_NULL=0[0m


Processing PivotalTracker::ReportsController#create (for 127.0.0.1 at 2010-09-23 17:47:33) [POST]
  Parameters: {"project_id"=>"82612", "commit"=>"Generate", "member_id"=>"272576", "authenticity_token"=>"axtVxyaYNdEkfn0gitA2ITRat2OuXhDdYbKlOAgrxZY=", "report"=>{"from"=>"09-01-2010", "to"=>"09-23-2010"}}
=================
09-01-2010
09-23-2010

ArgumentError (comparison of String with 0 failed):
  /System/Library/Frameworks/Ruby.framework/Versions/1.8/usr/lib/ruby/1.8/date.rb:596:in `<'
  /System/Library/Frameworks/Ruby.framework/Versions/1.8/usr/lib/ruby/1.8/date.rb:596:in `valid_civil?'
  /System/Library/Frameworks/Ruby.framework/Versions/1.8/usr/lib/ruby/1.8/date.rb:726:in `civil'
  app/models/report.rb:27:in `check_date_interval'
  app/models/report.rb:13:in `generate'
  app/controllers/pivotal_tracker/reports_controller.rb:14:in `create'

Rendered rescues/_trace (48.3ms)
Rendered rescues/_request_and_response (0.6ms)
Rendering rescues/layout (internal_server_error)
  [4;36;1mSQL (0.3ms)[0m   [0;1mSET NAMES 'utf8'[0m
  [4;35;1mSQL (0.2ms)[0m   [0mSET SQL_AUTO_IS_NULL=0[0m


Processing PivotalTracker::ReportsController#create (for 127.0.0.1 at 2010-09-23 17:48:19) [POST]
  Parameters: {"project_id"=>"82612", "commit"=>"Generate", "member_id"=>"272576", "authenticity_token"=>"axtVxyaYNdEkfn0gitA2ITRat2OuXhDdYbKlOAgrxZY=", "report"=>{"from"=>"09-01-2010", "to"=>"09-23-2010"}}
=================
09-01-2010
09-23-2010

ArgumentError (invalid date):
  /System/Library/Frameworks/Ruby.framework/Versions/1.8/usr/lib/ruby/1.8/date.rb:1536:in `new_by_frags'
  /System/Library/Frameworks/Ruby.framework/Versions/1.8/usr/lib/ruby/1.8/date.rb:1583:in `parse'
  app/models/report.rb:28:in `check_date_interval'
  app/models/report.rb:13:in `generate'
  app/controllers/pivotal_tracker/reports_controller.rb:14:in `create'

Rendered rescues/_trace (41.7ms)
Rendered rescues/_request_and_response (0.4ms)
Rendering rescues/layout (internal_server_error)
  [4;36;1mSQL (0.3ms)[0m   [0;1mSET NAMES 'utf8'[0m
  [4;35;1mSQL (0.2ms)[0m   [0mSET SQL_AUTO_IS_NULL=0[0m


Processing PivotalTracker::ReportsController#create (for 127.0.0.1 at 2010-09-23 17:49:15) [POST]
  Parameters: {"project_id"=>"82612", "commit"=>"Generate", "member_id"=>"272576", "authenticity_token"=>"axtVxyaYNdEkfn0gitA2ITRat2OuXhDdYbKlOAgrxZY=", "report"=>{"from"=>"09-01-2010", "to"=>"09-23-2010"}}
=================
09-01-2010
09-23-2010

TypeError (can't dup Fixnum):
  /System/Library/Frameworks/Ruby.framework/Versions/1.8/usr/lib/ruby/1.8/date/format.rb:959:in `dup'
  /System/Library/Frameworks/Ruby.framework/Versions/1.8/usr/lib/ruby/1.8/date/format.rb:959:in `_parse'
  /System/Library/Frameworks/Ruby.framework/Versions/1.8/usr/lib/ruby/1.8/date.rb:1582:in `parse'
  app/models/report.rb:28:in `check_date_interval'
  app/models/report.rb:13:in `generate'
  app/controllers/pivotal_tracker/reports_controller.rb:14:in `create'

Rendered rescues/_trace (44.6ms)
Rendered rescues/_request_and_response (0.5ms)
Rendering rescues/layout (internal_server_error)
  [4;36;1mSQL (0.1ms)[0m   [0;1mSET NAMES 'utf8'[0m
  [4;35;1mSQL (0.1ms)[0m   [0mSET SQL_AUTO_IS_NULL=0[0m


Processing PivotalTracker::ReportsController#create (for 127.0.0.1 at 2010-09-23 17:53:10) [POST]
  Parameters: {"project_id"=>"82612", "commit"=>"Generate", "member_id"=>"272576", "authenticity_token"=>"axtVxyaYNdEkfn0gitA2ITRat2OuXhDdYbKlOAgrxZY=", "report"=>{"from"=>"09-01-2010", "to"=>"09-23-2010"}}

NoMethodError (undefined method `name' for nil:NilClass):
  app/models/report.rb:53:in `filter_activities'
  app/models/report.rb:53:in `select'
  app/models/report.rb:53:in `filter_activities'
  app/models/report.rb:17:in `generate'
  app/controllers/pivotal_tracker/reports_controller.rb:14:in `create'

Rendered rescues/_trace (127.4ms)
Rendered rescues/_request_and_response (0.6ms)
Rendering rescues/layout (internal_server_error)
  [4;36;1mSQL (0.2ms)[0m   [0;1mSET NAMES 'utf8'[0m
  [4;35;1mSQL (0.2ms)[0m   [0mSET SQL_AUTO_IS_NULL=0[0m


Processing PivotalTracker::ReportsController#create (for 127.0.0.1 at 2010-09-23 18:01:44) [POST]
  Parameters: {"project_id"=>"82612", "commit"=>"Generate", "member_id"=>"272576", "authenticity_token"=>"axtVxyaYNdEkfn0gitA2ITRat2OuXhDdYbKlOAgrxZY=", "report"=>{"from"=>"09-01-2010", "to"=>"09-23-2010"}}

NoMethodError (undefined method `name' for nil:NilClass):
  app/models/report.rb:53:in `filter_activities'
  app/models/report.rb:53:in `select'
  app/models/report.rb:53:in `filter_activities'
  app/models/report.rb:17:in `generate'
  app/controllers/pivotal_tracker/reports_controller.rb:14:in `create'

Rendered rescues/_trace (143.8ms)
Rendered rescues/_request_and_response (0.7ms)
Rendering rescues/layout (internal_server_error)
  [4;36;1mSQL (0.2ms)[0m   [0;1mSET NAMES 'utf8'[0m
  [4;35;1mSQL (0.1ms)[0m   [0mSET SQL_AUTO_IS_NULL=0[0m


Processing PivotalTracker::ProjectsController#index (for 127.0.0.1 at 2010-09-23 18:05:02) [GET]
  Parameters: {"authenticity_token"=>"axtVxyaYNdEkfn0gitA2ITRat2OuXhDdYbKlOAgrxZY="}
Rendered pivotal_tracker/projects/_project (4.1ms)
Rendered pivotal_tracker/projects/_projects (4.6ms)
Completed in 1318ms (View: 8, DB: 1) | 200 OK [http://localhost/pivotal_tracker/projects?authenticity_token=axtVxyaYNdEkfn0gitA2ITRat2OuXhDdYbKlOAgrxZY%3D]
  [4;36;1mSQL (0.2ms)[0m   [0;1mSET NAMES 'utf8'[0m
  [4;35;1mSQL (0.3ms)[0m   [0mSET SQL_AUTO_IS_NULL=0[0m


Processing PivotalTracker::MembersController#index (for 127.0.0.1 at 2010-09-23 18:05:05) [GET]
  Parameters: {"project_id"=>"82612", "authenticity_token"=>"axtVxyaYNdEkfn0gitA2ITRat2OuXhDdYbKlOAgrxZY="}
Rendered pivotal_tracker/members/_member (3.5ms)
Rendered pivotal_tracker/members/_member (3.4ms)
Rendered pivotal_tracker/members/_member (3.8ms)
Rendered pivotal_tracker/members/_member (3.5ms)
Rendered pivotal_tracker/members/_member (3.4ms)
Rendered pivotal_tracker/members/_member (3.9ms)
Rendered pivotal_tracker/members/_member (3.6ms)
Rendered pivotal_tracker/members/_member (3.4ms)
Rendered pivotal_tracker/members/_member (5.2ms)
Rendered pivotal_tracker/members/_member (3.4ms)
Rendered pivotal_tracker/members/_members (39.2ms)
Completed in 2770ms (View: 42, DB: 1) | 200 OK [http://localhost/pivotal_tracker/projects/82612/members?authenticity_token=axtVxyaYNdEkfn0gitA2ITRat2OuXhDdYbKlOAgrxZY%3D]
  [4;36;1mSQL (0.2ms)[0m   [0;1mSET NAMES 'utf8'[0m
  [4;35;1mSQL (0.2ms)[0m   [0mSET SQL_AUTO_IS_NULL=0[0m


Processing PivotalTracker::ReportsController#new (for 127.0.0.1 at 2010-09-23 18:05:09) [GET]
  Parameters: {"project_id"=>"82612", "member_id"=>"272576", "authenticity_token"=>"axtVxyaYNdEkfn0gitA2ITRat2OuXhDdYbKlOAgrxZY="}
Rendered pivotal_tracker/reports/_new (8.1ms)
Completed in 15ms (View: 13, DB: 1) | 200 OK [http://localhost/projects/82612/members/272576/reports?authenticity_token=axtVxyaYNdEkfn0gitA2ITRat2OuXhDdYbKlOAgrxZY%3D]
  [4;36;1mSQL (0.2ms)[0m   [0;1mSET NAMES 'utf8'[0m
  [4;35;1mSQL (0.1ms)[0m   [0mSET SQL_AUTO_IS_NULL=0[0m


Processing PivotalTracker::ReportsController#create (for 127.0.0.1 at 2010-09-23 18:05:18) [POST]
  Parameters: {"project_id"=>"82612", "member_id"=>"272576", "authenticity_token"=>"axtVxyaYNdEkfn0gitA2ITRat2OuXhDdYbKlOAgrxZY=", "report"=>{"from"=>"09-01-2010", "to"=>"09-23-2010"}}

Mongrel::TimeoutError (Mongrel timed out this thread: shutdown):
  /System/Library/Frameworks/Ruby.framework/Versions/1.8/usr/lib/ruby/1.8/timeout.rb:62:in `timeout'
  /System/Library/Frameworks/Ruby.framework/Versions/1.8/usr/lib/ruby/1.8/timeout.rb:93:in `timeout'
  /System/Library/Frameworks/Ruby.framework/Versions/1.8/usr/lib/ruby/1.8/net/protocol.rb:132:in `rbuf_fill'
  /System/Library/Frameworks/Ruby.framework/Versions/1.8/usr/lib/ruby/1.8/net/protocol.rb:86:in `read'
  /System/Library/Frameworks/Ruby.framework/Versions/1.8/usr/lib/ruby/1.8/net/http.rb:2212:in `read_body_0'
  /System/Library/Frameworks/Ruby.framework/Versions/1.8/usr/lib/ruby/1.8/net/http.rb:2173:in `read_body'
  /System/Library/Frameworks/Ruby.framework/Versions/1.8/usr/lib/ruby/1.8/net/http.rb:773:in `get'
  /System/Library/Frameworks/Ruby.framework/Versions/1.8/usr/lib/ruby/1.8/net/http.rb:1053:in `request'
  /System/Library/Frameworks/Ruby.framework/Versions/1.8/usr/lib/ruby/1.8/net/http.rb:2136:in `reading_body'
  /System/Library/Frameworks/Ruby.framework/Versions/1.8/usr/lib/ruby/1.8/net/http.rb:1052:in `request'
  /System/Library/Frameworks/Ruby.framework/Versions/1.8/usr/lib/ruby/1.8/net/http.rb:1037:in `request'
  /System/Library/Frameworks/Ruby.framework/Versions/1.8/usr/lib/ruby/1.8/net/http.rb:543:in `start'
  /System/Library/Frameworks/Ruby.framework/Versions/1.8/usr/lib/ruby/1.8/net/http.rb:1035:in `request'
  /System/Library/Frameworks/Ruby.framework/Versions/1.8/usr/lib/ruby/1.8/net/http.rb:772:in `get'
  app/models/pivotal_tracker/base.rb:42:in `send'
  app/models/pivotal_tracker/base.rb:42:in `base_find'
  app/models/pivotal_tracker/project.rb:28:in `activities'
  app/models/report.rb:39:in `get_activity_for'
  app/models/report.rb:45:in `get_activities'
  /System/Library/Frameworks/Ruby.framework/Versions/1.8/usr/lib/ruby/1.8/date.rb:1311:in `step'
  /System/Library/Frameworks/Ruby.framework/Versions/1.8/usr/lib/ruby/1.8/date.rb:1320:in `upto'
  app/models/report.rb:44:in `get_activities'
  app/models/report.rb:16:in `generate'
  app/controllers/pivotal_tracker/reports_controller.rb:14:in `create'

Rendered rescues/_trace (61.8ms)
Rendered rescues/_request_and_response (0.4ms)
Rendering rescues/layout (internal_server_error)
  [4;36;1mSQL (0.1ms)[0m   [0;1mSET NAMES 'utf8'[0m
  [4;35;1mSQL (0.1ms)[0m   [0mSET SQL_AUTO_IS_NULL=0[0m


Processing HomeController#index (for 127.0.0.1 at 2010-09-23 18:07:45) [GET]
Rendering template within layouts/application
Rendering home/index
Rendered layouts/_scripts_n_styles (2.8ms)
Rendered layouts/_messages (1.3ms)
Rendered pivotal_tracker/_menu (6.7ms)
Rendered github/_menu (0.1ms)
Completed in 15ms (View: 13, DB: 1) | 200 OK [http://localhost/]
  [4;36;1mSQL (0.2ms)[0m   [0;1mSET NAMES 'utf8'[0m
  [4;35;1mSQL (0.1ms)[0m   [0mSET SQL_AUTO_IS_NULL=0[0m


Processing HomeController#index (for 127.0.0.1 at 2010-09-23 18:08:00) [GET]
Rendering template within layouts/application
Rendering home/index
Rendered layouts/_scripts_n_styles (81.6ms)
Rendered layouts/_messages (16.7ms)
Rendered pivotal_tracker/_menu (8.8ms)
Rendered github/_menu (0.8ms)
Completed in 156ms (View: 151, DB: 3) | 200 OK [http://localhost/]
  [4;36;1mSQL (0.1ms)[0m   [0;1mSET NAMES 'utf8'[0m
  [4;35;1mSQL (0.1ms)[0m   [0mSET SQL_AUTO_IS_NULL=0[0m


Processing PivotalTracker::ProjectsController#index (for 127.0.0.1 at 2010-09-23 18:08:03) [GET]
  Parameters: {"authenticity_token"=>"axtVxyaYNdEkfn0gitA2ITRat2OuXhDdYbKlOAgrxZY="}
Rendered pivotal_tracker/projects/_project (5.4ms)
Rendered pivotal_tracker/projects/_projects (12.8ms)
Completed in 1337ms (View: 22, DB: 1) | 200 OK [http://localhost/pivotal_tracker/projects?authenticity_token=axtVxyaYNdEkfn0gitA2ITRat2OuXhDdYbKlOAgrxZY%3D]
  [4;36;1mSQL (0.1ms)[0m   [0;1mSET NAMES 'utf8'[0m
  [4;35;1mSQL (0.1ms)[0m   [0mSET SQL_AUTO_IS_NULL=0[0m


Processing PivotalTracker::MembersController#index (for 127.0.0.1 at 2010-09-23 18:08:06) [GET]
  Parameters: {"project_id"=>"82612", "authenticity_token"=>"axtVxyaYNdEkfn0gitA2ITRat2OuXhDdYbKlOAgrxZY="}
Rendered pivotal_tracker/members/_member (4.9ms)
Rendered pivotal_tracker/members/_member (3.4ms)
Rendered pivotal_tracker/members/_member (3.3ms)
Rendered pivotal_tracker/members/_member (3.7ms)
Rendered pivotal_tracker/members/_member (3.4ms)
Rendered pivotal_tracker/members/_member (3.4ms)
Rendered pivotal_tracker/members/_member (3.9ms)
Rendered pivotal_tracker/members/_member (3.5ms)
Rendered pivotal_tracker/members/_member (3.4ms)
Rendered pivotal_tracker/members/_member (4.1ms)
Rendered pivotal_tracker/members/_members (43.8ms)
Completed in 2695ms (View: 55, DB: 1) | 200 OK [http://localhost/pivotal_tracker/projects/82612/members?authenticity_token=axtVxyaYNdEkfn0gitA2ITRat2OuXhDdYbKlOAgrxZY%3D]
  [4;36;1mSQL (0.1ms)[0m   [0;1mSET NAMES 'utf8'[0m
  [4;35;1mSQL (0.1ms)[0m   [0mSET SQL_AUTO_IS_NULL=0[0m


Processing PivotalTracker::ReportsController#new (for 127.0.0.1 at 2010-09-23 18:08:12) [GET]
  Parameters: {"project_id"=>"82612", "member_id"=>"272576", "authenticity_token"=>"axtVxyaYNdEkfn0gitA2ITRat2OuXhDdYbKlOAgrxZY="}
Rendered pivotal_tracker/reports/_new (10.2ms)
Completed in 26ms (View: 23, DB: 1) | 200 OK [http://localhost/projects/82612/members/272576/reports?authenticity_token=axtVxyaYNdEkfn0gitA2ITRat2OuXhDdYbKlOAgrxZY%3D]
  [4;36;1mSQL (0.2ms)[0m   [0;1mSET NAMES 'utf8'[0m
  [4;35;1mSQL (0.1ms)[0m   [0mSET SQL_AUTO_IS_NULL=0[0m


Processing PivotalTracker::ReportsController#create (for 127.0.0.1 at 2010-09-23 18:08:30) [POST]
  Parameters: {"project_id"=>"82612", "commit"=>"Generate", "member_id"=>"272576", "authenticity_token"=>"axtVxyaYNdEkfn0gitA2ITRat2OuXhDdYbKlOAgrxZY=", "pivotal_tracker_member_id"=>"272576", "report"=>{"from"=>"09-01-2010", "to"=>"09-23-2010"}}
Rendered pivotal_tracker/reports/_activity (0.5ms)
Rendered pivotal_tracker/reports/_activity (0.1ms)
Rendered pivotal_tracker/reports/_activity (0.1ms)
Rendered pivotal_tracker/reports/_activity (0.1ms)
Rendered pivotal_tracker/reports/_activity (0.1ms)
Rendered pivotal_tracker/reports/_activity (0.1ms)
Rendered pivotal_tracker/reports/_activity (0.1ms)
Rendered pivotal_tracker/reports/_activity (0.1ms)
Rendered pivotal_tracker/reports/_activity (0.1ms)
Rendered pivotal_tracker/reports/_activity (0.1ms)
Rendered pivotal_tracker/reports/_activity (0.1ms)
Rendered pivotal_tracker/reports/_activity (0.1ms)
Rendered pivotal_tracker/reports/_activity (0.1ms)
Rendered pivotal_tracker/reports/_activity (0.1ms)
Rendered pivotal_tracker/reports/_activity (0.1ms)
Rendered pivotal_tracker/reports/_activity (0.1ms)
Rendered pivotal_tracker/reports/_activity (0.1ms)
Rendered pivotal_tracker/reports/_activity (0.1ms)
Rendered pivotal_tracker/reports/_activity (0.1ms)
Rendered pivotal_tracker/reports/_activity (0.1ms)
Rendered pivotal_tracker/reports/_activity (0.1ms)
Rendered pivotal_tracker/reports/_activity (0.1ms)
Rendered pivotal_tracker/reports/_activity (0.1ms)
Rendered pivotal_tracker/reports/_activity (0.1ms)
Rendered pivotal_tracker/reports/_activity (0.1ms)
Rendered pivotal_tracker/reports/_activity (0.1ms)
Rendered pivotal_tracker/reports/_activity (0.1ms)
Rendered pivotal_tracker/reports/_activity (0.1ms)
Rendered pivotal_tracker/reports/_activity (0.1ms)
Rendered pivotal_tracker/reports/_activity (0.1ms)
Rendered pivotal_tracker/reports/_activity (0.1ms)
Rendered pivotal_tracker/reports/_activity (0.1ms)
Rendered pivotal_tracker/reports/_activity (0.1ms)
Rendered pivotal_tracker/reports/_activity (0.1ms)
Rendered pivotal_tracker/reports/_activity (0.1ms)
Rendered pivotal_tracker/reports/_activity (0.1ms)
Rendered pivotal_tracker/reports/_activity (0.1ms)
Rendered pivotal_tracker/reports/_activity (0.1ms)
Rendered pivotal_tracker/reports/_activity (0.1ms)
Rendered pivotal_tracker/reports/_activity (0.1ms)
Rendered pivotal_tracker/reports/_activity (0.1ms)
Rendered pivotal_tracker/reports/_activity (0.1ms)
Rendered pivotal_tracker/reports/_activity (0.1ms)
Rendered pivotal_tracker/reports/_activity (0.1ms)
Rendered pivotal_tracker/reports/_activity (0.1ms)
Rendered pivotal_tracker/reports/_activity (0.1ms)
Rendered pivotal_tracker/reports/_activity (0.1ms)
Rendered pivotal_tracker/reports/_activity (0.1ms)
Rendered pivotal_tracker/reports/_activity (0.1ms)
Rendered pivotal_tracker/reports/_activity (0.1ms)
Rendered pivotal_tracker/reports/_activity (0.1ms)
Rendered pivotal_tracker/reports/_activity (0.1ms)
Rendered pivotal_tracker/reports/_activity (0.1ms)
Rendered pivotal_tracker/reports/_activity (0.1ms)
Rendered pivotal_tracker/reports/_activity (0.1ms)
Rendered pivotal_tracker/reports/_activity (0.1ms)
Rendered pivotal_tracker/reports/_activity (0.1ms)
Rendered pivotal_tracker/reports/_activity (0.1ms)
Rendered pivotal_tracker/reports/_activity (0.1ms)
Rendered pivotal_tracker/reports/_activity (0.1ms)
Rendered pivotal_tracker/reports/_activity (0.1ms)
Rendered pivotal_tracker/reports/_activity (0.1ms)
Rendered pivotal_tracker/reports/_activity (0.1ms)
Rendered pivotal_tracker/reports/_activity (0.1ms)
Rendered pivotal_tracker/reports/_activity (0.1ms)
Rendered pivotal_tracker/reports/_activity (0.1ms)
Rendered pivotal_tracker/reports/_activity (0.1ms)
Rendered pivotal_tracker/reports/_activity (0.1ms)
Rendered pivotal_tracker/reports/_activity (0.1ms)
Rendered pivotal_tracker/reports/_activity (0.1ms)
Rendered pivotal_tracker/reports/_activity (0.1ms)
Rendered pivotal_tracker/reports/_activity (0.1ms)
Rendered pivotal_tracker/reports/_activity (0.1ms)
Rendered pivotal_tracker/reports/_activity (0.1ms)
Rendered pivotal_tracker/reports/_activity (0.1ms)
Rendered pivotal_tracker/reports/_activity (0.1ms)
Rendered pivotal_tracker/reports/_activity (0.1ms)
Rendered pivotal_tracker/reports/_activity (0.1ms)
Rendered pivotal_tracker/reports/_activity (0.1ms)
Rendered pivotal_tracker/reports/_activity (0.1ms)
Rendered pivotal_tracker/reports/_activity (0.1ms)
Rendered pivotal_tracker/reports/_activity (0.1ms)
Rendered pivotal_tracker/reports/_activity (0.1ms)
Rendered pivotal_tracker/reports/_activity (0.1ms)
Rendered pivotal_tracker/reports/_activity (0.1ms)
Rendered pivotal_tracker/reports/_activity (0.1ms)
Rendered pivotal_tracker/reports/_activity (0.1ms)
Rendered pivotal_tracker/reports/_activity (0.1ms)
Rendered pivotal_tracker/reports/_activity (0.1ms)
Rendered pivotal_tracker/reports/_activity (0.1ms)
Rendered pivotal_tracker/reports/_activity (0.1ms)
Rendered pivotal_tracker/reports/_activity (0.1ms)
Rendered pivotal_tracker/reports/_activity (0.1ms)
Rendered pivotal_tracker/reports/_activity (0.1ms)
Rendered pivotal_tracker/reports/_activity (0.2ms)
Rendered pivotal_tracker/reports/_activity (0.2ms)
Rendered pivotal_tracker/reports/_activity (0.1ms)
Rendered pivotal_tracker/reports/_activity (0.1ms)
Rendered pivotal_tracker/reports/_activity (0.1ms)
Rendered pivotal_tracker/reports/_activity (0.1ms)
Rendered pivotal_tracker/reports/_activities (48.4ms)
Completed in 186283ms (View: 55, DB: 1) | 200 OK [http://localhost/projects/82612/members/272576/reports]
  [4;36;1mSQL (0.1ms)[0m   [0;1mSET NAMES 'utf8'[0m
  [4;35;1mSQL (0.1ms)[0m   [0mSET SQL_AUTO_IS_NULL=0[0m


Processing PivotalTracker::ProjectsController#index (for 127.0.0.1 at 2010-09-23 18:32:56) [GET]
  Parameters: {"authenticity_token"=>"axtVxyaYNdEkfn0gitA2ITRat2OuXhDdYbKlOAgrxZY="}
Rendered pivotal_tracker/projects/_project (3.4ms)
Rendered pivotal_tracker/projects/_projects (4.1ms)
Completed in 1806ms (View: 6, DB: 1) | 200 OK [http://localhost/pivotal_tracker/projects?authenticity_token=axtVxyaYNdEkfn0gitA2ITRat2OuXhDdYbKlOAgrxZY%3D]
  [4;36;1mSQL (0.1ms)[0m   [0;1mSET NAMES 'utf8'[0m
  [4;35;1mSQL (0.1ms)[0m   [0mSET SQL_AUTO_IS_NULL=0[0m


Processing PivotalTracker::MembersController#index (for 127.0.0.1 at 2010-09-23 18:33:00) [GET]
  Parameters: {"project_id"=>"82612", "authenticity_token"=>"axtVxyaYNdEkfn0gitA2ITRat2OuXhDdYbKlOAgrxZY="}
Rendered pivotal_tracker/members/_member (3.4ms)
Rendered pivotal_tracker/members/_member (3.4ms)
Rendered pivotal_tracker/members/_member (3.5ms)
Rendered pivotal_tracker/members/_member (3.4ms)
Rendered pivotal_tracker/members/_member (3.5ms)
Rendered pivotal_tracker/members/_member (3.6ms)
Rendered pivotal_tracker/members/_member (3.4ms)
Rendered pivotal_tracker/members/_member (4.0ms)
Rendered pivotal_tracker/members/_member (4.4ms)
Rendered pivotal_tracker/members/_member (3.7ms)
Rendered pivotal_tracker/members/_members (38.4ms)
Completed in 2641ms (View: 42, DB: 1) | 200 OK [http://localhost/pivotal_tracker/projects/82612/members?authenticity_token=axtVxyaYNdEkfn0gitA2ITRat2OuXhDdYbKlOAgrxZY%3D]
  [4;36;1mSQL (0.1ms)[0m   [0;1mSET NAMES 'utf8'[0m
  [4;35;1mSQL (0.1ms)[0m   [0mSET SQL_AUTO_IS_NULL=0[0m


Processing PivotalTracker::ReportsController#new (for 127.0.0.1 at 2010-09-23 18:33:07) [GET]
  Parameters: {"project_id"=>"82612", "member_id"=>"272576", "authenticity_token"=>"axtVxyaYNdEkfn0gitA2ITRat2OuXhDdYbKlOAgrxZY="}
Rendered pivotal_tracker/reports/_new (6.8ms)
Completed in 1344ms (View: 9, DB: 1) | 200 OK [http://localhost/projects/82612/members/272576/reports?authenticity_token=axtVxyaYNdEkfn0gitA2ITRat2OuXhDdYbKlOAgrxZY%3D]
  [4;36;1mSQL (0.1ms)[0m   [0;1mSET NAMES 'utf8'[0m
  [4;35;1mSQL (0.1ms)[0m   [0mSET SQL_AUTO_IS_NULL=0[0m


Processing PivotalTracker::ReportsController#create (for 127.0.0.1 at 2010-09-23 18:33:19) [POST]
  Parameters: {"project_id"=>"82612", "member_id"=>"272576", "authenticity_token"=>"axtVxyaYNdEkfn0gitA2ITRat2OuXhDdYbKlOAgrxZY=", "pivotal_tracker_member_id"=>"272576", "report"=>{"from"=>"09-01-2010", "to"=>"09-23-2010"}}
Rendered pivotal_tracker/reports/_activity (3.7ms)
Rendered pivotal_tracker/reports/_activity (0.3ms)
Rendered pivotal_tracker/reports/_activity (0.4ms)
Rendered pivotal_tracker/reports/_activity (0.3ms)
Rendered pivotal_tracker/reports/_activity (0.3ms)
Rendered pivotal_tracker/reports/_activity (0.3ms)
Rendered pivotal_tracker/reports/_activity (0.3ms)
Rendered pivotal_tracker/reports/_activity (0.3ms)
Rendered pivotal_tracker/reports/_activity (0.3ms)
Rendered pivotal_tracker/reports/_activity (0.3ms)
Rendered pivotal_tracker/reports/_activity (0.3ms)
Rendered pivotal_tracker/reports/_activity (0.3ms)
Rendered pivotal_tracker/reports/_activity (0.3ms)
Rendered pivotal_tracker/reports/_activity (0.3ms)
Rendered pivotal_tracker/reports/_activity (0.3ms)
Rendered pivotal_tracker/reports/_activity (0.2ms)
Rendered pivotal_tracker/reports/_activity (0.2ms)
Rendered pivotal_tracker/reports/_activity (0.2ms)
Rendered pivotal_tracker/reports/_activity (0.2ms)
Rendered pivotal_tracker/reports/_activity (0.2ms)
Rendered pivotal_tracker/reports/_activity (0.3ms)
Rendered pivotal_tracker/reports/_activity (0.3ms)
Rendered pivotal_tracker/reports/_activity (0.2ms)
Rendered pivotal_tracker/reports/_activity (0.3ms)
Rendered pivotal_tracker/reports/_activity (0.3ms)
Rendered pivotal_tracker/reports/_activity (0.3ms)
Rendered pivotal_tracker/reports/_activity (0.3ms)
Rendered pivotal_tracker/reports/_activity (0.2ms)
Rendered pivotal_tracker/reports/_activity (0.2ms)
Rendered pivotal_tracker/reports/_activity (0.2ms)
Rendered pivotal_tracker/reports/_activity (0.3ms)
Rendered pivotal_tracker/reports/_activity (0.3ms)
Rendered pivotal_tracker/reports/_activity (0.8ms)
Rendered pivotal_tracker/reports/_activity (0.3ms)
Rendered pivotal_tracker/reports/_activity (0.2ms)
Rendered pivotal_tracker/reports/_activity (0.2ms)
Rendered pivotal_tracker/reports/_activity (0.2ms)
Rendered pivotal_tracker/reports/_activity (0.3ms)
Rendered pivotal_tracker/reports/_activity (0.2ms)
Rendered pivotal_tracker/reports/_activity (0.2ms)
Rendered pivotal_tracker/reports/_activity (0.2ms)
Rendered pivotal_tracker/reports/_activity (0.3ms)
Rendered pivotal_tracker/reports/_activity (0.3ms)
Rendered pivotal_tracker/reports/_activity (0.3ms)
Rendered pivotal_tracker/reports/_activity (0.2ms)
Rendered pivotal_tracker/reports/_activity (0.3ms)
Rendered pivotal_tracker/reports/_activity (0.3ms)
Rendered pivotal_tracker/reports/_activity (0.3ms)
Rendered pivotal_tracker/reports/_activity (0.3ms)
Rendered pivotal_tracker/reports/_activity (0.3ms)
Rendered pivotal_tracker/reports/_activity (0.3ms)
Rendered pivotal_tracker/reports/_activity (0.3ms)
Rendered pivotal_tracker/reports/_activity (0.3ms)
Rendered pivotal_tracker/reports/_activity (0.3ms)
Rendered pivotal_tracker/reports/_activity (0.3ms)
Rendered pivotal_tracker/reports/_activity (0.3ms)
Rendered pivotal_tracker/reports/_activity (0.3ms)
Rendered pivotal_tracker/reports/_activity (0.2ms)
Rendered pivotal_tracker/reports/_activity (0.2ms)
Rendered pivotal_tracker/reports/_activity (0.3ms)
Rendered pivotal_tracker/reports/_activity (0.2ms)
Rendered pivotal_tracker/reports/_activity (0.3ms)
Rendered pivotal_tracker/reports/_activity (0.3ms)
Rendered pivotal_tracker/reports/_activity (0.3ms)
Rendered pivotal_tracker/reports/_activity (0.2ms)
Rendered pivotal_tracker/reports/_activity (0.2ms)
Rendered pivotal_tracker/reports/_activity (0.2ms)
Rendered pivotal_tracker/reports/_activity (0.2ms)
Rendered pivotal_tracker/reports/_activity (0.3ms)
Rendered pivotal_tracker/reports/_activity (0.3ms)
Rendered pivotal_tracker/reports/_activity (0.2ms)
Rendered pivotal_tracker/reports/_activity (0.3ms)
Rendered pivotal_tracker/reports/_activity (0.3ms)
Rendered pivotal_tracker/reports/_activity (0.3ms)
Rendered pivotal_tracker/reports/_activity (0.3ms)
Rendered pivotal_tracker/reports/_activity (0.3ms)
Rendered pivotal_tracker/reports/_activity (0.3ms)
Rendered pivotal_tracker/reports/_activity (0.3ms)
Rendered pivotal_tracker/reports/_activity (0.3ms)
Rendered pivotal_tracker/reports/_activity (0.3ms)
Rendered pivotal_tracker/reports/_activity (0.3ms)
Rendered pivotal_tracker/reports/_activity (0.3ms)
Rendered pivotal_tracker/reports/_activity (0.3ms)
Rendered pivotal_tracker/reports/_activity (0.3ms)
Rendered pivotal_tracker/reports/_activity (0.3ms)
Rendered pivotal_tracker/reports/_activity (0.3ms)
Rendered pivotal_tracker/reports/_activity (0.3ms)
Rendered pivotal_tracker/reports/_activity (0.3ms)
Rendered pivotal_tracker/reports/_activity (0.3ms)
Rendered pivotal_tracker/reports/_activity (0.2ms)
Rendered pivotal_tracker/reports/_activity (0.3ms)
Rendered pivotal_tracker/reports/_activity (0.3ms)
Rendered pivotal_tracker/reports/_activity (0.3ms)
Rendered pivotal_tracker/reports/_activity (0.3ms)
Rendered pivotal_tracker/reports/_activity (0.3ms)
Rendered pivotal_tracker/reports/_activity (0.2ms)
Rendered pivotal_tracker/reports/_activity (0.3ms)
Rendered pivotal_tracker/reports/_activity (0.3ms)
Rendered pivotal_tracker/reports/_activity (0.3ms)
Rendered pivotal_tracker/reports/_activity (0.3ms)
Rendered pivotal_tracker/reports/_activities (49.4ms)
Completed in 193945ms (View: 58, DB: 1) | 200 OK [http://localhost/projects/82612/members/272576/reports]
  [4;36;1mSQL (0.2ms)[0m   [0;1mSET NAMES 'utf8'[0m
  [4;35;1mSQL (0.4ms)[0m   [0mSET SQL_AUTO_IS_NULL=0[0m


Processing HomeController#index (for 127.0.0.1 at 2010-09-23 18:41:08) [GET]
Rendering template within layouts/application
Rendering home/index
Rendered layouts/_scripts_n_styles (3.1ms)
Rendered layouts/_messages (1.3ms)
Rendered pivotal_tracker/_menu (6.7ms)
Rendered github/_menu (0.1ms)
Completed in 17ms (View: 14, DB: 1) | 200 OK [http://localhost/]
  [4;36;1mSQL (0.2ms)[0m   [0;1mSET NAMES 'utf8'[0m
  [4;35;1mSQL (0.2ms)[0m   [0mSET SQL_AUTO_IS_NULL=0[0m


Processing PivotalTracker::ProjectsController#index (for 127.0.0.1 at 2010-09-23 18:41:12) [GET]
  Parameters: {"authenticity_token"=>"axtVxyaYNdEkfn0gitA2ITRat2OuXhDdYbKlOAgrxZY="}
Rendered pivotal_tracker/projects/_project (3.3ms)
Rendered pivotal_tracker/projects/_projects (3.8ms)
Completed in 1289ms (View: 5, DB: 1) | 200 OK [http://localhost/pivotal_tracker/projects?authenticity_token=axtVxyaYNdEkfn0gitA2ITRat2OuXhDdYbKlOAgrxZY%3D]
  [4;36;1mSQL (0.2ms)[0m   [0;1mSET NAMES 'utf8'[0m
  [4;35;1mSQL (0.2ms)[0m   [0mSET SQL_AUTO_IS_NULL=0[0m


Processing PivotalTracker::MembersController#index (for 127.0.0.1 at 2010-09-23 18:41:16) [GET]
  Parameters: {"project_id"=>"82612", "authenticity_token"=>"axtVxyaYNdEkfn0gitA2ITRat2OuXhDdYbKlOAgrxZY="}
Rendered pivotal_tracker/members/_member (3.5ms)
Rendered pivotal_tracker/members/_member (3.4ms)
Rendered pivotal_tracker/members/_member (3.4ms)
Rendered pivotal_tracker/members/_member (3.4ms)
Rendered pivotal_tracker/members/_member (3.9ms)
Rendered pivotal_tracker/members/_member (3.4ms)
Rendered pivotal_tracker/members/_member (3.4ms)
Rendered pivotal_tracker/members/_member (4.2ms)
Rendered pivotal_tracker/members/_member (3.6ms)
Rendered pivotal_tracker/members/_member (3.5ms)
Rendered pivotal_tracker/members/_members (37.9ms)
Completed in 4025ms (View: 41, DB: 1) | 200 OK [http://localhost/pivotal_tracker/projects/82612/members?authenticity_token=axtVxyaYNdEkfn0gitA2ITRat2OuXhDdYbKlOAgrxZY%3D]
  [4;36;1mSQL (0.3ms)[0m   [0;1mSET NAMES 'utf8'[0m
  [4;35;1mSQL (0.2ms)[0m   [0mSET SQL_AUTO_IS_NULL=0[0m


Processing PivotalTracker::ReportsController#new (for 127.0.0.1 at 2010-09-23 18:41:23) [GET]
  Parameters: {"project_id"=>"82612", "member_id"=>"272576", "authenticity_token"=>"axtVxyaYNdEkfn0gitA2ITRat2OuXhDdYbKlOAgrxZY="}
Rendered pivotal_tracker/reports/_new (6.6ms)
Completed in 1305ms (View: 9, DB: 1) | 200 OK [http://localhost/projects/82612/members/272576/reports?authenticity_token=axtVxyaYNdEkfn0gitA2ITRat2OuXhDdYbKlOAgrxZY%3D]
  [4;36;1mSQL (0.2ms)[0m   [0;1mSET NAMES 'utf8'[0m
  [4;35;1mSQL (0.1ms)[0m   [0mSET SQL_AUTO_IS_NULL=0[0m


Processing PivotalTracker::ReportsController#create (for 127.0.0.1 at 2010-09-23 18:41:45) [POST]
  Parameters: {"project_id"=>"82612", "commit"=>"Generate", "member_id"=>"272576", "authenticity_token"=>"axtVxyaYNdEkfn0gitA2ITRat2OuXhDdYbKlOAgrxZY=", "pivotal_tracker_member_id"=>"272576", "report"=>{"from"=>"09-01-2010", "to"=>"09-03-2010"}}
Rendered pivotal_tracker/reports/_activity (2.9ms)
Rendered pivotal_tracker/reports/_activity (0.3ms)
Rendered pivotal_tracker/reports/_activity (0.3ms)
Rendered pivotal_tracker/reports/_activity (0.3ms)
Rendered pivotal_tracker/reports/_activity (0.2ms)
Rendered pivotal_tracker/reports/_activity (0.2ms)
Rendered pivotal_tracker/reports/_activity (0.2ms)
Rendered pivotal_tracker/reports/_activity (0.4ms)
Rendered pivotal_tracker/reports/_activity (0.4ms)
Rendered pivotal_tracker/reports/_activity (0.3ms)
Rendered pivotal_tracker/reports/_activity (0.3ms)
Rendered pivotal_tracker/reports/_activity (0.3ms)
Rendered pivotal_tracker/reports/_activity (0.5ms)
Rendered pivotal_tracker/reports/_activity (0.3ms)
Rendered pivotal_tracker/reports/_activity (0.2ms)
Rendered pivotal_tracker/reports/_activity (0.2ms)
Rendered pivotal_tracker/reports/_activity (0.2ms)
Rendered pivotal_tracker/reports/_activity (0.2ms)
Rendered pivotal_tracker/reports/_activity (0.3ms)
Rendered pivotal_tracker/reports/_activity (0.3ms)
Rendered pivotal_tracker/reports/_activity (0.3ms)
Rendered pivotal_tracker/reports/_activity (0.2ms)
Rendered pivotal_tracker/reports/_activity (0.3ms)
Rendered pivotal_tracker/reports/_activity (0.2ms)
Rendered pivotal_tracker/reports/_activity (0.2ms)
Rendered pivotal_tracker/reports/_activity (0.3ms)
Rendered pivotal_tracker/reports/_activity (0.3ms)
Rendered pivotal_tracker/reports/_activity (0.2ms)
Rendered pivotal_tracker/reports/_activity (0.2ms)
Rendered pivotal_tracker/reports/_activity (0.2ms)
Rendered pivotal_tracker/reports/_activity (0.2ms)
Rendered pivotal_tracker/reports/_activity (0.2ms)
Rendered pivotal_tracker/reports/_activity (0.2ms)
Rendered pivotal_tracker/reports/_activity (0.2ms)
Rendered pivotal_tracker/reports/_activity (0.2ms)
Rendered pivotal_tracker/reports/_activity (0.2ms)
Rendered pivotal_tracker/reports/_activity (0.2ms)
Rendered pivotal_tracker/reports/_activity (0.2ms)
Rendered pivotal_tracker/reports/_activity (0.2ms)
Rendered pivotal_tracker/reports/_activity (0.3ms)
Rendered pivotal_tracker/reports/_activity (0.2ms)
Rendered pivotal_tracker/reports/_activity (0.2ms)
Rendered pivotal_tracker/reports/_activity (0.2ms)
Rendered pivotal_tracker/reports/_activity (0.2ms)
Rendered pivotal_tracker/reports/_activity (0.2ms)
Rendered pivotal_tracker/reports/_activity (0.3ms)
Rendered pivotal_tracker/reports/_activity (0.3ms)
Rendered pivotal_tracker/reports/_activity (0.3ms)
Rendered pivotal_tracker/reports/_activity (0.3ms)
Rendered pivotal_tracker/reports/_activity (0.4ms)
Rendered pivotal_tracker/reports/_activity (0.3ms)
Rendered pivotal_tracker/reports/_activity (0.3ms)
Rendered pivotal_tracker/reports/_activity (0.3ms)
Rendered pivotal_tracker/reports/_activity (0.3ms)
Rendered pivotal_tracker/reports/_activity (0.3ms)
Rendered pivotal_tracker/reports/_activity (0.4ms)
Rendered pivotal_tracker/reports/_activity (0.3ms)
Rendered pivotal_tracker/reports/_activity (0.2ms)
Rendered pivotal_tracker/reports/_activity (0.3ms)
Rendered pivotal_tracker/reports/_activity (0.3ms)
Rendered pivotal_tracker/reports/_activity (0.3ms)
Rendered pivotal_tracker/reports/_activity (0.3ms)
Rendered pivotal_tracker/reports/_activity (0.3ms)
Rendered pivotal_tracker/reports/_activity (0.4ms)
Rendered pivotal_tracker/reports/_activity (0.3ms)
Rendered pivotal_tracker/reports/_activity (0.3ms)
Rendered pivotal_tracker/reports/_activity (0.3ms)
Rendered pivotal_tracker/reports/_activity (0.3ms)
Rendered pivotal_tracker/reports/_activity (0.4ms)
Rendered pivotal_tracker/reports/_activity (0.3ms)
Rendered pivotal_tracker/reports/_activity (0.3ms)
Rendered pivotal_tracker/reports/_activity (0.3ms)
Rendered pivotal_tracker/reports/_activity (0.3ms)
Rendered pivotal_tracker/reports/_activity (0.3ms)
Rendered pivotal_tracker/reports/_activity (0.3ms)
Rendered pivotal_tracker/reports/_activity (0.3ms)
Rendered pivotal_tracker/reports/_activity (0.3ms)
Rendered pivotal_tracker/reports/_activity (0.3ms)
Rendered pivotal_tracker/reports/_activity (0.3ms)
Rendered pivotal_tracker/reports/_activity (0.3ms)
Rendered pivotal_tracker/reports/_activity (0.3ms)
Rendered pivotal_tracker/reports/_activity (0.3ms)
Rendered pivotal_tracker/reports/_activity (0.3ms)
Rendered pivotal_tracker/reports/_activity (0.3ms)
Rendered pivotal_tracker/reports/_activity (0.3ms)
Rendered pivotal_tracker/reports/_activity (0.3ms)
Rendered pivotal_tracker/reports/_activity (0.3ms)
Rendered pivotal_tracker/reports/_activity (0.3ms)
Rendered pivotal_tracker/reports/_activity (0.4ms)
Rendered pivotal_tracker/reports/_activity (0.3ms)
Rendered pivotal_tracker/reports/_activity (0.4ms)
Rendered pivotal_tracker/reports/_activity (0.3ms)
Rendered pivotal_tracker/reports/_activity (0.3ms)
Rendered pivotal_tracker/reports/_activity (0.3ms)
Rendered pivotal_tracker/reports/_activity (0.3ms)
Rendered pivotal_tracker/reports/_activity (0.3ms)
Rendered pivotal_tracker/reports/_activity (0.4ms)
Rendered pivotal_tracker/reports/_activity (0.4ms)
Rendered pivotal_tracker/reports/_activity (0.3ms)
Rendered pivotal_tracker/reports/_activity (0.4ms)
Rendered pivotal_tracker/reports/_activities (46.0ms)
Completed in 25236ms (View: 52, DB: 1) | 200 OK [http://localhost/projects/82612/members/272576/reports]
